Command line:
   DAC_output_isim_beh.exe
     -simmode  gui
     -simrunnum  0
     -socket  50195

Fri May 31 02:26:34 2013


 Elaboration Time: 0 sec

 Current Memory Usage: 505.958 Meg

 Total Signals          : 19
 Total Nets             : 73
 Total Signal Drivers   : 8
 Total Blocks           : 2
 Total Primitive Blocks : 2
 Total Processes        : 10
 Total Traceable Variables  : 24
 Total Scalar Nets and Variables : 252
Total Line Count : 169

 Total Simulation Time: 0.0156 sec

 Current Memory Usage: 505.958 Meg

Fri May 31 02:26:42 2013

